

> @travel-with-sulemana/frontend@1.0.0 build
> next build

   [1m[38;2;173;127;168m▲ Next.js 15.5.6[39m[22m

 [37m[1m [22m[39m Creating an optimized production build ...
[baseline-browser-mapping] The data in this module is over two months old.  To ensure accurate Baseline data, please update: `npm i baseline-browser-mapping@latest -D`
 [32m[1m✓[22m[39m Compiled successfully in 12.5s
 [37m[1m [22m[39m Skipping linting
[?25l [37m[1m [22m[39m Checking validity of types  [36m.[39m[2K[1G [37m[1m [22m[39m Checking validity of types  [36m..[39m[2K[1G [37m[1m [22m[39m Checking validity of types  [36m...[39m[2K[1G [37m[1m [22m[39m Checking validity of types  [36m.[39m[2K[1G [37m[1m [22m[39m Checking validity of types  [36m..[39m[2K[1G [37m[1m [22m[39m Checking validity of types  [36m...[39m[2K[1G [37m[1m [22m[39m Checking validity of types  [36m.[39m[2K[1G [37m[1m [22m[39m Checking validity of types  [36m..[39m[2K[1G [37m[1m [22m[39m Checking validity of types  [36m...[39m[2K[1G [37m[1m [22m[39m Checking validity of types  [36m.[39m[2K[1G [37m[1m [22m[39m Checking validity of types  [36m..[39m[2K[1G [37m[1m [22m[39m Checking validity of types  [36m...[39m[2K[1G [37m[1m [22m[39m Checking validity of types  [36m.[39m[2K[1G [37m[1m [22m[39m Checking validity of types  [36m..[39m[2K[1G [37m[1m [22m[39m Checking validity of types  [36m...[39m[2K[1G [37m[1m [22m[39m Checking validity of types  [36m.[39m[2K[1G [37m[1m [22m[39m Checking validity of types  [36m..[39m[2K[1G [37m[1m [22m[39m Checking validity of types  [36m...[39m[2K[1G [37m[1m [22m[39m Checking validity of types  [36m.[39m[2K[1G [37m[1m [22m[39m Checking validity of types  [36m..[39m[2K[1G [37m[1m [22m[39m Checking validity of types  [36m...[39m[2K[1G [37m[1m [22m[39m Checking validity of types  [36m.[39m[2K[1G [37m[1m [22m[39m Checking validity of types  [36m..[39m[2K[1G [37m[1m [22m[39m Checking validity of types  [36m...[39m[2K[1G[?25h [37m[1m [22m[39m Checking validity of types     [32m[1m✓[22m[39m Checking validity of types 
[?25l [37m[1m [22m[39m Collecting page data  [36m.[39m[2K[1G [37m[1m [22m[39m Collecting page data  [36m..[39m[2K[1G [37m[1m [22m[39m Collecting page data  [36m...[39m[2K[1G [37m[1m [22m[39m Collecting page data  [36m.[39m[2K[1G[?25h [37m[1m [22m[39m Collecting page data     [32m[1m✓[22m[39m Collecting page data 
[?25l [37m[1m [22m[39m Generating static pages (0/24)  [36m[    ][39m[2K[1G [37m[1m [22m[39m Generating static pages (0/24)  [36m[=   ][39m[2K[1G [37m[1m [22m[39m Generating static pages (0/24)  [36m[==  ][39m[2K[1G [37m[1m [22m[39m Generating static pages (10/24)  [36m[=== ][39m[2K[1G [37m[1m [22m[39m Generating static pages (16/24)  [36m[ ===][39m[2K[1G[?25h [32m[1m✓[22m[39m Generating static pages (24/24)
[?25l [37m[1m [22m[39m Finalizing page optimization  [36m.[39m[?25l [37m[1m [22m[39m Collecting build traces  [36m.[39m[2K[1G [37m[1m [22m[39m Finalizing page optimization  [36m..[39m[2K[1G [37m[1m [22m[39m Collecting build traces  [36m..[39m[2K[1G [37m[1m [22m[39m Finalizing page optimization  [36m...[39m[2K[1G [37m[1m [22m[39m Collecting build traces  [36m...[39m[2K[1G [37m[1m [22m[39m Finalizing page optimization  [36m.[39m[2K[1G [37m[1m [22m[39m Collecting build traces  [36m.[39m[2K[1G [37m[1m [22m[39m Finalizing page optimization  [36m..[39m[2K[1G [37m[1m [22m[39m Collecting build traces  [36m..[39m[2K[1G [37m[1m [22m[39m Finalizing page optimization  [36m...[39m[2K[1G [37m[1m [22m[39m Collecting build traces  [36m...[39m[2K[1G [37m[1m [22m[39m Finalizing page optimization  [36m.[39m[2K[1G [37m[1m [22m[39m Collecting build traces  [36m.[39m[2K[1G [37m[1m [22m[39m Finalizing page optimization  [36m..[39m[2K[1G [37m[1m [22m[39m Collecting build traces  [36m..[39m[2K[1G [37m[1m [22m[39m Finalizing page optimization  [36m...[39m[2K[1G [37m[1m [22m[39m Collecting build traces  [36m...[39m[2K[1G [37m[1m [22m[39m Finalizing page optimization  [36m.[39m[2K[1G [37m[1m [22m[39m Collecting build traces  [36m.[39m[2K[1G [37m[1m [22m[39m Finalizing page optimization  [36m..[39m[2K[1G [37m[1m [22m[39m Collecting build traces  [36m..[39m[2K[1G [37m[1m [22m[39m Finalizing page optimization  [36m...[39m[2K[1G [37m[1m [22m[39m Collecting build traces  [36m...[39m[2K[1G [37m[1m [22m[39m Finalizing page optimization  [36m.[39m[2K[1G [37m[1m [22m[39m Collecting build traces  [36m.[39m[2K[1G [37m[1m [22m[39m Finalizing page optimization  [36m..[39m[2K[1G [37m[1m [22m[39m Collecting build traces  [36m..[39m[2K[1G [37m[1m [22m[39m Finalizing page optimization  [36m...[39m[2K[1G [37m[1m [22m[39m Collecting build traces  [36m...[39m[2K[1G [37m[1m [22m[39m Finalizing page optimization  [36m.[39m[2K[1G [37m[1m [22m[39m Collecting build traces  [36m.[39m[2K[1G [37m[1m [22m[39m Finalizing page optimization  [36m..[39m[2K[1G [37m[1m [22m[39m Collecting build traces  [36m..[39m[2K[1G [37m[1m [22m[39m Finalizing page optimization  [36m...[39m[2K[1G [37m[1m [22m[39m Collecting build traces  [36m...[39m[2K[1G [37m[1m [22m[39m Finalizing page optimization  [36m.[39m[2K[1G [37m[1m [22m[39m Collecting build traces  [36m.[39m[2K[1G [37m[1m [22m[39m Finalizing page optimization  [36m..[39m[2K[1G [37m[1m [22m[39m Collecting build traces  [36m..[39m[2K[1G [37m[1m [22m[39m Finalizing page optimization  [36m...[39m[2K[1G [37m[1m [22m[39m Collecting build traces  [36m...[39m[2K[1G[?25h [37m[1m [22m[39m Collecting build traces     [32m[1m✓[22m[39m Collecting build traces 
[2K[1G[?25h [37m[1m [22m[39m Finalizing page optimization     [32m[1m✓[22m[39m Finalizing page optimization 

[4mRoute (app)[24m                                 [4mSize[24m  [4mFirst Load JS[24m  [4m[24m  [4m[24m
┌ ○ /                                    5.74 kB         [37m[1m149 kB[22m[39m
├ ○ /_not-found                            988 B         [37m[1m103 kB[22m[39m
├ ○ /about                               4.26 kB         [37m[1m147 kB[22m[39m
├ ƒ /api/admin/drivers                     155 B         [37m[1m102 kB[22m[39m
├ ƒ /api/admin/stats                       155 B         [37m[1m102 kB[22m[39m
├ ƒ /api/auth/login                        155 B         [37m[1m102 kB[22m[39m
├ ƒ /api/auth/me                           155 B         [37m[1m102 kB[22m[39m
├ ƒ /api/auth/register                     155 B         [37m[1m102 kB[22m[39m
├ ƒ /api/drivers                           155 B         [37m[1m102 kB[22m[39m
├ ƒ /api/drivers/me                        155 B         [37m[1m102 kB[22m[39m
├ ƒ /api/rides                             155 B         [37m[1m102 kB[22m[39m
├ ƒ /api/rides/[id]                        155 B         [37m[1m102 kB[22m[39m
├ ƒ /api/rides/[id]/accept                 155 B         [37m[1m102 kB[22m[39m
├ ƒ /api/rides/available                   155 B         [37m[1m102 kB[22m[39m
├ ○ /auth/login                          23.5 kB         [37m[1m134 kB[22m[39m
├ ○ /blog                                4.22 kB         [37m[1m147 kB[22m[39m
├ ○ /book                                3.75 kB         [37m[1m147 kB[22m[39m
├ ƒ /book/[id]                           5.59 kB         [37m[1m148 kB[22m[39m
├ ○ /contact                             3.92 kB         [37m[1m147 kB[22m[39m
├ ○ /destinations                        5.07 kB         [37m[1m148 kB[22m[39m
├ ○ /experiences                         4.13 kB         [37m[1m147 kB[22m[39m
├ ○ /plan-your-trip                      3.92 kB         [37m[1m147 kB[22m[39m
├ ○ /robots.txt                            155 B         [37m[1m102 kB[22m[39m
├ ○ /sitemap.xml                           155 B         [37m[1m102 kB[22m[39m
└ ○ /watch                                  4 kB         [37m[1m147 kB[22m[39m
+ First Load JS shared by all             [37m[1m102 kB[22m[39m
  ├ chunks/18-af39a5ba0949faa0.js        45.9 kB
  ├ chunks/87c73c54-24122e7b92478d00.js  54.2 kB
  └ other shared chunks (total)          1.92 kB


○  (Static)   prerendered as static content
ƒ  (Dynamic)  server-rendered on demand

[?25h⠙[1G[0K
